<?xml version="1.0" encoding="UTF-8"?>
<testsuite xmlns:xsi="http://www.w3.org/2001/XMLSchema-instance" xsi:noNamespaceSchemaLocation="https://maven.apache.org/surefire/maven-surefire-plugin/xsd/surefire-test-report-3.0.xsd" version="3.0" name="booking.RunCucumberTest" time="0.189" tests="5" errors="0" skipped="0" failures="0">
  <properties>
[...]
</properties>
  <testcase name="I want to make an appointment with a dentist like unregistred user" classname="Make an appointment with a dentist" time="0.059">
    <system-out><![CDATA[
Scenario: I want to make an appointment with a dentist like unregistred user &amp#27;[90m# booking/Booking.feature:8&amp#27;[0m
  &amp#27;[32mGiven &amp#27;[0m&amp#27;[32mI want to see available periods&amp#27;[0m                                      &amp#27;[90m# booking.BookingSteps.i_want_to_see_available_periods()&amp#27;[0m
  &amp#27;[32mWhen &amp#27;[0m&amp#27;[32mI select available period&amp#27;[0m                                             &amp#27;[90m# booking.BookingSteps.i_select_available_period()&amp#27;[0m
  &amp#27;[32mAnd &amp#27;[0m&amp#27;[32mEnter my data&amp#27;[0m                                                          &amp#27;[90m# booking.BookingSteps.enter_my_data()&amp#27;[0m
  &amp#27;[32mThen &amp#27;[0m&amp#27;[32mI receive a confirmation email&amp#27;[0m                                        &amp#27;[90m# booking.BookingSteps.i_receive_a_confirmation_email()&amp#27;[0m
]]></system-out>
  </testcase>
  <testcase name="I want to make an appointment with a dentist like registred user" classname="Make an appointment with a dentist" time="0.007">
    <system-out><![CDATA[
Scenario: I want to make an appointment with a dentist like registred user &amp#27;[90m# booking/Booking.feature:11&amp#27;[0m
  &amp#27;[32mGiven &amp#27;[0m&amp#27;[32mI want to see available periods&amp#27;[0m                                    &amp#27;[90m# booking.BookingSteps.i_want_to_see_available_periods()&amp#27;[0m
  &amp#27;[32mWhen &amp#27;[0m&amp#27;[32mI select available period&amp#27;[0m                                           &amp#27;[90m# booking.BookingSteps.i_select_available_period()&amp#27;[0m
  &amp#27;[32mAnd &amp#27;[0m&amp#27;[32mEnter my data&amp#27;[0m                                                        &amp#27;[90m# booking.BookingSteps.enter_my_data()&amp#27;[0m
  &amp#27;[32mThen &amp#27;[0m&amp#27;[32mI receive a confirmation email&amp#27;[0m                                      &amp#27;[90m# booking.BookingSteps.i_receive_a_confirmation_email()&amp#27;[0m
]]></system-out>
  </testcase>
  <testcase name="I want to make an appointment with a dentist like dentist" classname="Make an appointment with a dentist" time="0.008">
    <system-out><![CDATA[
Scenario: I want to make an appointment with a dentist like dentist &amp#27;[90m# booking/Booking.feature:14&amp#27;[0m
  &amp#27;[32mGiven &amp#27;[0m&amp#27;[32mI want to see available periods&amp#27;[0m                             &amp#27;[90m# booking.BookingSteps.i_want_to_see_available_periods()&amp#27;[0m
  &amp#27;[32mWhen &amp#27;[0m&amp#27;[32mI select available period&amp#27;[0m                                    &amp#27;[90m# booking.BookingSteps.i_select_available_period()&amp#27;[0m
  &amp#27;[32mAnd &amp#27;[0m&amp#27;[32mEnter my data&amp#27;[0m                                                 &amp#27;[90m# booking.BookingSteps.enter_my_data()&amp#27;[0m
  &amp#27;[32mThen &amp#27;[0m&amp#27;[32mI dont receive a confirmation email&amp#27;[0m                          &amp#27;[90m# booking.BookingSteps.i_dont_receive_a_confirmation_email()&amp#27;[0m
]]></system-out>
  </testcase>
  <testcase name="I want to add available period like dentist" classname="Adding available periods in calendar" time="0.007">
    <system-out><![CDATA[
Scenario: I want to add available period like dentist &amp#27;[90m# Calendar/Calendar.feature:6&amp#27;[0m
  &amp#27;[32mGiven &amp#27;[0m&amp#27;[32mI want to get available periods&amp#27;[0m               &amp#27;[90m# booking.CalendarSteps.i_want_to_get_available_periods()&amp#27;[0m
  &amp#27;[32mWhen &amp#27;[0m&amp#27;[32mI add new periods&amp#27;[0m                              &amp#27;[90m# booking.CalendarSteps.i_add_new_periods()&amp#27;[0m
  &amp#27;[32mThen &amp#27;[0m&amp#27;[32mI see successfuly added periods&amp#27;[0m                &amp#27;[90m# booking.CalendarSteps.i_see_successfuly_added_periods()&amp#27;[0m
]]></system-out>
  </testcase>
  <testcase name="Negative test: I want to add available period like employes" classname="Adding available periods in calendar" time="0.007">
    <system-out><![CDATA[
Scenario: Negative test: I want to add available period like employes &amp#27;[90m# Calendar/Calendar.feature:10&amp#27;[0m
  &amp#27;[32mGiven &amp#27;[0m&amp#27;[32mI want to get available periods&amp#27;[0m                               &amp#27;[90m# booking.CalendarSteps.i_want_to_get_available_periods()&amp#27;[0m
  &amp#27;[32mWhen &amp#27;[0m&amp#27;[32mI try to insert new dates&amp#27;[0m                                      &amp#27;[90m# booking.CalendarSteps.i_try_to_insert_new_dates()&amp#27;[0m
  &amp#27;[32mThen &amp#27;[0m&amp#27;[32mI get exception&amp#27;[0m                                                &amp#27;[90m# booking.CalendarSteps.i_get_exception()&amp#27;[0m
]]></system-out>
  </testcase>
</testsuite>